0 info it worked if it ends with ok
1 verbose cli [ '/usr/bin/nodejs', '/usr/bin/npm', 'install', '-g', 'lunr' ]
2 info using npm@1.3.10
3 info using node@v0.10.25
4 verbose cache add [ 'lunr', null ]
5 verbose cache add name=undefined spec="lunr" args=["lunr",null]
6 verbose parsed url { protocol: null,
6 verbose parsed url   slashes: null,
6 verbose parsed url   auth: null,
6 verbose parsed url   host: null,
6 verbose parsed url   port: null,
6 verbose parsed url   hostname: null,
6 verbose parsed url   hash: null,
6 verbose parsed url   search: null,
6 verbose parsed url   query: null,
6 verbose parsed url   pathname: 'lunr',
6 verbose parsed url   path: 'lunr',
6 verbose parsed url   href: 'lunr' }
7 silly lockFile ae5c4287-lunr lunr
8 verbose lock lunr /home/ubuntu/.npm/ae5c4287-lunr.lock
9 silly lockFile ae5c4287-lunr lunr
10 silly lockFile ae5c4287-lunr lunr
11 verbose addNamed [ 'lunr', '' ]
12 verbose addNamed [ null, '*' ]
13 silly lockFile f7aad18b-lunr lunr@
14 verbose lock lunr@ /home/ubuntu/.npm/f7aad18b-lunr.lock
15 silly addNameRange { name: 'lunr', range: '*', hasData: false }
16 verbose url raw lunr
17 verbose url resolving [ 'https://registry.npmjs.org/', './lunr' ]
18 verbose url resolved https://registry.npmjs.org/lunr
19 info trying registry request attempt 1 at 00:39:37
20 http GET https://registry.npmjs.org/lunr
21 http 200 https://registry.npmjs.org/lunr
22 silly registry.get cb [ 200,
22 silly registry.get   { server: 'nginx/1.10.1',
22 silly registry.get     'content-type': 'application/json',
22 silly registry.get     'last-modified': 'Wed, 19 Apr 2017 17:59:50 GMT',
22 silly registry.get     etag: '"58f7a596-a19f"',
22 silly registry.get     'cache-control': 'max-age=300',
22 silly registry.get     'content-length': '41375',
22 silly registry.get     'accept-ranges': 'bytes',
22 silly registry.get     date: 'Fri, 21 Apr 2017 16:48:59 GMT',
22 silly registry.get     via: '1.1 varnish',
22 silly registry.get     age: '0',
22 silly registry.get     connection: 'keep-alive',
22 silly registry.get     'x-served-by': 'cache-nrt6121-NRT',
22 silly registry.get     'x-cache': 'MISS',
22 silly registry.get     'x-cache-hits': '0',
22 silly registry.get     'x-timer': 'S1492793339.471347,VS0,VE226',
22 silly registry.get     vary: 'Accept-Encoding' } ]
23 silly addNameRange number 2 { name: 'lunr', range: '*', hasData: true }
24 silly addNameRange versions [ 'lunr',
24 silly addNameRange   [ '0.2.0',
24 silly addNameRange     '0.2.1',
24 silly addNameRange     '0.2.2',
24 silly addNameRange     '0.2.3',
24 silly addNameRange     '0.3.0',
24 silly addNameRange     '0.3.1',
24 silly addNameRange     '0.3.2',
24 silly addNameRange     '0.3.3',
24 silly addNameRange     '0.4.0',
24 silly addNameRange     '0.4.1',
24 silly addNameRange     '0.4.2',
24 silly addNameRange     '0.4.3',
24 silly addNameRange     '0.4.4',
24 silly addNameRange     '0.4.5',
24 silly addNameRange     '0.5.1',
24 silly addNameRange     '0.5.2',
24 silly addNameRange     '0.5.3',
24 silly addNameRange     '0.5.4',
24 silly addNameRange     '0.5.5',
24 silly addNameRange     '0.5.6',
24 silly addNameRange     '0.5.7',
24 silly addNameRange     '0.5.8',
24 silly addNameRange     '0.5.9',
24 silly addNameRange     '0.5.10',
24 silly addNameRange     '0.5.11',
24 silly addNameRange     '0.5.12',
24 silly addNameRange     '0.6.0',
24 silly addNameRange     '0.7.0',
24 silly addNameRange     '0.7.1',
24 silly addNameRange     '0.7.2',
24 silly addNameRange     '2.0.0-alpha.1',
24 silly addNameRange     '2.0.0-alpha.2',
24 silly addNameRange     '2.0.0-alpha.3',
24 silly addNameRange     '2.0.0-alpha.4',
24 silly addNameRange     '2.0.0-alpha.5',
24 silly addNameRange     '1.0.0',
24 silly addNameRange     '2.0.0',
24 silly addNameRange     '2.0.1',
24 silly addNameRange     '2.0.2' ] ]
25 verbose addNamed [ 'lunr', '2.0.2' ]
26 verbose addNamed [ '2.0.2', '2.0.2' ]
27 silly lockFile ee5b6456-lunr-2-0-2 lunr@2.0.2
28 verbose lock lunr@2.0.2 /home/ubuntu/.npm/ee5b6456-lunr-2-0-2.lock
29 silly lockFile 699fddb3-ry-npmjs-org-lunr-lunr-2-0-2-tgz https://registry.npmjs.org/lunr/-/lunr-2.0.2.tgz
30 verbose lock https://registry.npmjs.org/lunr/-/lunr-2.0.2.tgz /home/ubuntu/.npm/699fddb3-ry-npmjs-org-lunr-lunr-2-0-2-tgz.lock
31 verbose addRemoteTarball [ 'https://registry.npmjs.org/lunr/-/lunr-2.0.2.tgz',
31 verbose addRemoteTarball   'b3356bf365766da0dbbb1b00ba27b8faf5558ded' ]
32 info retry fetch attempt 1 at 00:39:37
33 verbose fetch to= /home/ubuntu/tmp/npm-11708-8s24QdR6/1492792777354-0.493757946183905/tmp.tgz
34 http GET https://registry.npmjs.org/lunr/-/lunr-2.0.2.tgz
35 http 200 https://registry.npmjs.org/lunr/-/lunr-2.0.2.tgz
36 verbose tar unpack /home/ubuntu/tmp/npm-11708-8s24QdR6/1492792777354-0.493757946183905/tmp.tgz
37 silly lockFile c328f872-777354-0-493757946183905-package tar:///home/ubuntu/tmp/npm-11708-8s24QdR6/1492792777354-0.493757946183905/package
38 verbose lock tar:///home/ubuntu/tmp/npm-11708-8s24QdR6/1492792777354-0.493757946183905/package /home/ubuntu/.npm/c328f872-777354-0-493757946183905-package.lock
39 silly lockFile 5fadaf4a-777354-0-493757946183905-tmp-tgz tar:///home/ubuntu/tmp/npm-11708-8s24QdR6/1492792777354-0.493757946183905/tmp.tgz
40 verbose lock tar:///home/ubuntu/tmp/npm-11708-8s24QdR6/1492792777354-0.493757946183905/tmp.tgz /home/ubuntu/.npm/5fadaf4a-777354-0-493757946183905-tmp-tgz.lock
41 silly gunzTarPerm modes [ '755', '644' ]
42 silly gunzTarPerm extractEntry package.json
43 silly gunzTarPerm extractEntry .npmignore
44 silly gunzTarPerm extractEntry LICENSE
45 silly gunzTarPerm extractEntry lunr.js
46 silly gunzTarPerm extractEntry bower.json
47 silly gunzTarPerm extractEntry CHANGELOG.mdown
48 silly gunzTarPerm extractEntry CNAME
49 silly gunzTarPerm extractEntry CONTRIBUTING.mdown
50 silly gunzTarPerm extractEntry Makefile
51 silly gunzTarPerm extractEntry README.mdown
52 silly gunzTarPerm extractEntry VERSION
53 silly gunzTarPerm extractEntry .eslintrc.json
54 silly gunzTarPerm extractEntry build/bower.json.template
55 silly gunzTarPerm extractEntry build/component.json.template
56 silly gunzTarPerm extractEntry build/jsdoc.conf.json
57 silly gunzTarPerm extractEntry build/package.json.template
58 silly gunzTarPerm extractEntry build/release.sh
59 silly gunzTarPerm extractEntry build/wrapper_end
60 silly gunzTarPerm extractEntry build/wrapper_start
61 silly gunzTarPerm extractEntry component.json
62 silly gunzTarPerm extractEntry index.html
63 silly gunzTarPerm extractEntry lib/builder.js
64 silly gunzTarPerm extractEntry lib/query.js
65 silly gunzTarPerm extractEntry lib/query_lexer.js
66 silly gunzTarPerm extractEntry lib/query_parse_error.js
67 silly gunzTarPerm extractEntry lib/pipeline.js
68 silly gunzTarPerm extractEntry lib/stemmer.js
69 silly gunzTarPerm extractEntry lib/stop_word_filter.js
70 silly gunzTarPerm extractEntry lib/token.js
71 silly gunzTarPerm extractEntry lib/token_set.js
72 silly gunzTarPerm extractEntry lib/token_set_builder.js
73 silly gunzTarPerm extractEntry lib/match_data.js
74 silly gunzTarPerm extractEntry lib/tokenizer.js
75 silly gunzTarPerm extractEntry lib/lunr.js
76 silly gunzTarPerm extractEntry lib/trimmer.js
77 silly gunzTarPerm extractEntry lib/index.js
78 silly gunzTarPerm extractEntry lib/utils.js
79 silly gunzTarPerm extractEntry lib/idf.js
80 silly gunzTarPerm extractEntry lib/vector.js
81 silly gunzTarPerm extractEntry lib/query_parser.js
82 silly gunzTarPerm extractEntry styles.css
83 silly gunzTarPerm extractEntry notes
84 silly gunzTarPerm extractEntry .travis.yml
85 silly gunzTarPerm extractEntry perf/builder_perf.js
86 silly gunzTarPerm extractEntry perf/perf_helper.js
87 silly gunzTarPerm extractEntry perf/query_parser_perf.js
88 silly gunzTarPerm extractEntry perf/search_perf.js
89 silly gunzTarPerm extractEntry perf/stemmer_perf.js
90 silly gunzTarPerm extractEntry perf/token_set_perf.js
91 silly gunzTarPerm extractEntry perf/tokenizer_perf.js
92 silly gunzTarPerm extractEntry perf/vector_perf.js
93 silly gunzTarPerm extractEntry test/builder_test.js
94 silly gunzTarPerm extractEntry test/match_data_test.js
95 silly gunzTarPerm extractEntry test/pipeline_test.js
96 silly gunzTarPerm extractEntry test/query_lexer_test.js
97 silly gunzTarPerm extractEntry test/query_parser_test.js
98 silly gunzTarPerm extractEntry test/tokenizer_test.js
99 silly gunzTarPerm extractEntry test/token_test.js
100 silly gunzTarPerm extractEntry test/serialization_test.js
101 silly gunzTarPerm extractEntry test/stemmer_test.js
102 silly gunzTarPerm extractEntry test/stop_word_filter_test.js
103 silly gunzTarPerm extractEntry test/test_helper.js
104 silly gunzTarPerm extractEntry test/trimmer_test.js
105 silly gunzTarPerm extractEntry test/token_set_test.js
106 silly gunzTarPerm extractEntry test/query_test.js
107 silly gunzTarPerm extractEntry test/vector_test.js
108 silly gunzTarPerm extractEntry test/search_test.js
109 silly gunzTarPerm extractEntry test/env/chai.js
110 silly gunzTarPerm extractEntry test/env/mocha.js
111 silly gunzTarPerm extractEntry test/env/file_list.json
112 silly gunzTarPerm extractEntry test/env/index.mustache
113 silly gunzTarPerm extractEntry test/env/mocha.css
114 silly gunzTarPerm extractEntry test/index.html
115 silly gunzTarPerm extractEntry test/fixtures/stemming_vocab.json
116 silly lockFile c328f872-777354-0-493757946183905-package tar:///home/ubuntu/tmp/npm-11708-8s24QdR6/1492792777354-0.493757946183905/package
117 silly lockFile c328f872-777354-0-493757946183905-package tar:///home/ubuntu/tmp/npm-11708-8s24QdR6/1492792777354-0.493757946183905/package
118 silly lockFile 5fadaf4a-777354-0-493757946183905-tmp-tgz tar:///home/ubuntu/tmp/npm-11708-8s24QdR6/1492792777354-0.493757946183905/tmp.tgz
119 silly lockFile 5fadaf4a-777354-0-493757946183905-tmp-tgz tar:///home/ubuntu/tmp/npm-11708-8s24QdR6/1492792777354-0.493757946183905/tmp.tgz
120 verbose tar pack [ '/home/ubuntu/.npm/lunr/2.0.2/package.tgz',
120 verbose tar pack   '/home/ubuntu/tmp/npm-11708-8s24QdR6/1492792777354-0.493757946183905/package' ]
121 verbose tarball /home/ubuntu/.npm/lunr/2.0.2/package.tgz
122 verbose folder /home/ubuntu/tmp/npm-11708-8s24QdR6/1492792777354-0.493757946183905/package
123 silly lockFile c328f872-777354-0-493757946183905-package tar:///home/ubuntu/tmp/npm-11708-8s24QdR6/1492792777354-0.493757946183905/package
124 verbose lock tar:///home/ubuntu/tmp/npm-11708-8s24QdR6/1492792777354-0.493757946183905/package /home/ubuntu/.npm/c328f872-777354-0-493757946183905-package.lock
125 silly lockFile b6b5da18-buntu-npm-lunr-2-0-2-package-tgz tar:///home/ubuntu/.npm/lunr/2.0.2/package.tgz
126 verbose lock tar:///home/ubuntu/.npm/lunr/2.0.2/package.tgz /home/ubuntu/.npm/b6b5da18-buntu-npm-lunr-2-0-2-package-tgz.lock
127 silly lockFile c328f872-777354-0-493757946183905-package tar:///home/ubuntu/tmp/npm-11708-8s24QdR6/1492792777354-0.493757946183905/package
128 silly lockFile c328f872-777354-0-493757946183905-package tar:///home/ubuntu/tmp/npm-11708-8s24QdR6/1492792777354-0.493757946183905/package
129 silly lockFile b6b5da18-buntu-npm-lunr-2-0-2-package-tgz tar:///home/ubuntu/.npm/lunr/2.0.2/package.tgz
130 silly lockFile b6b5da18-buntu-npm-lunr-2-0-2-package-tgz tar:///home/ubuntu/.npm/lunr/2.0.2/package.tgz
131 silly lockFile e03b3318-me-ubuntu-npm-lunr-2-0-2-package /home/ubuntu/.npm/lunr/2.0.2/package
132 verbose lock /home/ubuntu/.npm/lunr/2.0.2/package /home/ubuntu/.npm/e03b3318-me-ubuntu-npm-lunr-2-0-2-package.lock
133 silly lockFile e03b3318-me-ubuntu-npm-lunr-2-0-2-package /home/ubuntu/.npm/lunr/2.0.2/package
134 silly lockFile e03b3318-me-ubuntu-npm-lunr-2-0-2-package /home/ubuntu/.npm/lunr/2.0.2/package
135 verbose tar unpack /home/ubuntu/.npm/lunr/2.0.2/package.tgz
136 silly lockFile c7aac451-me-ubuntu-npm-lunr-2-0-2-package tar:///home/ubuntu/.npm/lunr/2.0.2/package
137 verbose lock tar:///home/ubuntu/.npm/lunr/2.0.2/package /home/ubuntu/.npm/c7aac451-me-ubuntu-npm-lunr-2-0-2-package.lock
138 silly lockFile b6b5da18-buntu-npm-lunr-2-0-2-package-tgz tar:///home/ubuntu/.npm/lunr/2.0.2/package.tgz
139 verbose lock tar:///home/ubuntu/.npm/lunr/2.0.2/package.tgz /home/ubuntu/.npm/b6b5da18-buntu-npm-lunr-2-0-2-package-tgz.lock
140 silly gunzTarPerm modes [ '755', '644' ]
141 silly gunzTarPerm extractEntry package.json
142 silly gunzTarPerm extractEntry .npmignore
143 silly gunzTarPerm extractEntry LICENSE
144 silly gunzTarPerm extractEntry lunr.js
145 silly gunzTarPerm extractEntry bower.json
146 silly gunzTarPerm extractEntry CONTRIBUTING.mdown
147 silly gunzTarPerm extractEntry .eslintrc.json
148 silly gunzTarPerm extractEntry Makefile
149 silly gunzTarPerm extractEntry README.mdown
150 silly gunzTarPerm extractEntry VERSION
151 silly gunzTarPerm extractEntry .travis.yml
152 silly gunzTarPerm extractEntry build/bower.json.template
153 silly gunzTarPerm extractEntry build/component.json.template
154 silly gunzTarPerm extractEntry build/jsdoc.conf.json
155 silly gunzTarPerm extractEntry build/package.json.template
156 silly gunzTarPerm extractEntry build/release.sh
157 silly gunzTarPerm extractEntry build/wrapper_end
158 silly gunzTarPerm extractEntry build/wrapper_start
159 silly gunzTarPerm extractEntry component.json
160 silly gunzTarPerm extractEntry index.html
161 silly gunzTarPerm extractEntry lib/builder.js
162 silly gunzTarPerm extractEntry lib/query.js
163 silly gunzTarPerm extractEntry lib/query_lexer.js
164 silly gunzTarPerm extractEntry lib/query_parse_error.js
165 silly gunzTarPerm extractEntry lib/pipeline.js
166 silly gunzTarPerm extractEntry lib/stemmer.js
167 silly gunzTarPerm extractEntry lib/stop_word_filter.js
168 silly gunzTarPerm extractEntry lib/token.js
169 silly gunzTarPerm extractEntry lib/token_set.js
170 silly gunzTarPerm extractEntry lib/token_set_builder.js
171 silly gunzTarPerm extractEntry lib/match_data.js
172 silly gunzTarPerm extractEntry lib/tokenizer.js
173 silly gunzTarPerm extractEntry lib/lunr.js
174 silly gunzTarPerm extractEntry lib/trimmer.js
175 silly gunzTarPerm extractEntry lib/index.js
176 silly gunzTarPerm extractEntry lib/utils.js
177 silly gunzTarPerm extractEntry lib/idf.js
178 silly gunzTarPerm extractEntry lib/vector.js
179 silly gunzTarPerm extractEntry lib/query_parser.js
180 silly gunzTarPerm extractEntry CHANGELOG.mdown
181 silly gunzTarPerm extractEntry notes
182 silly gunzTarPerm extractEntry CNAME
183 silly gunzTarPerm extractEntry perf/builder_perf.js
184 silly gunzTarPerm extractEntry perf/perf_helper.js
185 silly gunzTarPerm extractEntry perf/query_parser_perf.js
186 silly gunzTarPerm extractEntry perf/search_perf.js
187 silly gunzTarPerm extractEntry perf/stemmer_perf.js
188 silly gunzTarPerm extractEntry perf/token_set_perf.js
189 silly gunzTarPerm extractEntry perf/tokenizer_perf.js
190 silly gunzTarPerm extractEntry perf/vector_perf.js
191 silly gunzTarPerm extractEntry styles.css
192 silly gunzTarPerm extractEntry test/builder_test.js
193 silly gunzTarPerm extractEntry test/match_data_test.js
194 silly gunzTarPerm extractEntry test/pipeline_test.js
195 silly gunzTarPerm extractEntry test/query_lexer_test.js
196 silly gunzTarPerm extractEntry test/query_parser_test.js
197 silly gunzTarPerm extractEntry test/tokenizer_test.js
198 silly gunzTarPerm extractEntry test/token_test.js
199 silly gunzTarPerm extractEntry test/serialization_test.js
200 silly gunzTarPerm extractEntry test/stemmer_test.js
201 silly gunzTarPerm extractEntry test/stop_word_filter_test.js
202 silly gunzTarPerm extractEntry test/test_helper.js
203 silly gunzTarPerm extractEntry test/trimmer_test.js
204 silly gunzTarPerm extractEntry test/token_set_test.js
205 silly gunzTarPerm extractEntry test/query_test.js
206 silly gunzTarPerm extractEntry test/vector_test.js
207 silly gunzTarPerm extractEntry test/search_test.js
208 silly gunzTarPerm extractEntry test/env/chai.js
209 silly gunzTarPerm extractEntry test/env/mocha.js
210 silly gunzTarPerm extractEntry test/env/file_list.json
211 silly gunzTarPerm extractEntry test/env/index.mustache
212 silly gunzTarPerm extractEntry test/env/mocha.css
213 silly gunzTarPerm extractEntry test/index.html
214 silly gunzTarPerm extractEntry test/fixtures/stemming_vocab.json
215 silly lockFile c7aac451-me-ubuntu-npm-lunr-2-0-2-package tar:///home/ubuntu/.npm/lunr/2.0.2/package
216 silly lockFile c7aac451-me-ubuntu-npm-lunr-2-0-2-package tar:///home/ubuntu/.npm/lunr/2.0.2/package
217 silly lockFile b6b5da18-buntu-npm-lunr-2-0-2-package-tgz tar:///home/ubuntu/.npm/lunr/2.0.2/package.tgz
218 silly lockFile b6b5da18-buntu-npm-lunr-2-0-2-package-tgz tar:///home/ubuntu/.npm/lunr/2.0.2/package.tgz
219 verbose chmod /home/ubuntu/.npm/lunr/2.0.2/package.tgz 644
220 verbose chown /home/ubuntu/.npm/lunr/2.0.2/package.tgz [ 1000, 1000 ]
221 silly lockFile 699fddb3-ry-npmjs-org-lunr-lunr-2-0-2-tgz https://registry.npmjs.org/lunr/-/lunr-2.0.2.tgz
222 silly lockFile 699fddb3-ry-npmjs-org-lunr-lunr-2-0-2-tgz https://registry.npmjs.org/lunr/-/lunr-2.0.2.tgz
223 silly lockFile ee5b6456-lunr-2-0-2 lunr@2.0.2
224 silly lockFile ee5b6456-lunr-2-0-2 lunr@2.0.2
225 silly lockFile f7aad18b-lunr lunr@
226 silly lockFile f7aad18b-lunr lunr@
227 silly resolved [ { name: 'lunr',
227 silly resolved     description: 'Simple full-text search in your browser.',
227 silly resolved     version: '2.0.2',
227 silly resolved     author: { name: 'Oliver Nightingale' },
227 silly resolved     keywords: [ 'search' ],
227 silly resolved     homepage: 'http://lunrjs.com',
227 silly resolved     bugs: { url: 'http://github.com/olivernn/lunr.js/issues' },
227 silly resolved     main: 'lunr.js',
227 silly resolved     license: 'MIT',
227 silly resolved     repository: { type: 'git', url: 'https://github.com/olivernn/lunr.js.git' },
227 silly resolved     devDependencies:
227 silly resolved      { benchmark: '2.1.x',
227 silly resolved        chai: '3.5.x',
227 silly resolved        'eslint-plugin-spellcheck': '0.0.8',
227 silly resolved        eslint: '3.4.x',
227 silly resolved        jsdoc: '3.4.x',
227 silly resolved        mocha: '3.0.x',
227 silly resolved        mustache: '2.2.x',
227 silly resolved        'node-static': '0.7.x',
227 silly resolved        'uglify-js': '2.4.x',
227 silly resolved        'word-list': '1.0.x' },
227 silly resolved     scripts: { test: 'make test' },
227 silly resolved     readme: '# Lunr.js\n\n[![Join the chat at https://gitter.im/olivernn/lunr.js](https://badges.gitter.im/Join%20Chat.svg)](https://gitter.im/olivernn/lunr.js?utm_source=badge&utm_medium=badge&utm_campaign=pr-badge&utm_content=badge)\n\n[![Build Status](https://travis-ci.org/olivernn/lunr.js.png?branch=master)](https://travis-ci.org/olivernn/lunr.js)\n\nA bit like Solr, but much smaller and not as bright.\n\n## Example\n\nA very simple search index can be created using the following:\n\n```javascript\nvar idx = lunr(function () {\n  this.field(\'title\')\n  this.field(\'body\')\n\n  this.add({\n    "title": "Twelfth-Night",\n    "body": "If music be the food of love, play on: Give me excess of it…",\n    "author": "William Shakespeare",\n    "id": "1"\n  })\n})\n```\n\nThen searching is as simple:\n\n```javascript\nidx.search("love")\n```\n\nThis returns a list of matching documents with a score of how closely they match the search query as well as any associated metadata about the match:\n\n```javascript\n[\n  {\n    "ref": "1",\n    "score": 0.3535533905932737,\n    "matchData": {\n      "metadata": {\n        "love": {\n          "body": {}\n        }\n      }\n    }\n  }\n]\n```\n\n[API documentation](https://lunrjs.com/docs/index.html) is available, as well as a [full working example](https://olivernn.github.io/moonwalkers/).\n\n## Description\n\nLunr.js is a small, full-text search library for use in the browser.  It indexes JSON documents and provides a simple search interface for retrieving documents that best match text queries.\n\n## Why\n\nFor web applications with all their data already sitting in the client, it makes sense to be able to search that data on the client too.  It saves adding extra, compacted services on the server.  A local search index will be quicker, there is no network overhead, and will remain available and useable even without a network connection.\n\n## Installation\n\nSimply include the lunr.js source file in the page that you want to use it.  Lunr.js is supported in all modern browsers.\n\nAlternatively an npm package is also available `npm install lunr`.\n\nBrowsers that do not support ES5 will require a JavaScript shim for Lunr to work. You can either use [Augment.js](https://github.com/olivernn/augment.js), [ES5-Shim](https://github.com/kriskowal/es5-shim) or any library that patches old browsers to provide an ES5 compatible JavaScript environment.\n\n## Contributing\n\nSee the [`CONTRIBUTING.mdown` file](CONTRIBUTING.mdown).\n',
227 silly resolved     readmeFilename: 'README.mdown',
227 silly resolved     _id: 'lunr@2.0.2',
227 silly resolved     dist: { shasum: '32ba056ab6988b5c11e3bf38c55b5e4f11376b1d' },
227 silly resolved     _from: 'lunr@',
227 silly resolved     _resolved: 'https://registry.npmjs.org/lunr/-/lunr-2.0.2.tgz' } ]
228 info install lunr@2.0.2 into /usr/local/lib
229 info installOne lunr@2.0.2
230 info /usr/local/lib/node_modules/lunr unbuild
231 verbose tar unpack /home/ubuntu/.npm/lunr/2.0.2/package.tgz
232 silly lockFile a250eeb2--usr-local-lib-node-modules-lunr tar:///usr/local/lib/node_modules/lunr
233 verbose lock tar:///usr/local/lib/node_modules/lunr /home/ubuntu/.npm/a250eeb2--usr-local-lib-node-modules-lunr.lock
234 silly lockFile b6b5da18-buntu-npm-lunr-2-0-2-package-tgz tar:///home/ubuntu/.npm/lunr/2.0.2/package.tgz
235 verbose lock tar:///home/ubuntu/.npm/lunr/2.0.2/package.tgz /home/ubuntu/.npm/b6b5da18-buntu-npm-lunr-2-0-2-package-tgz.lock
236 silly gunzTarPerm modes [ '755', '644' ]
237 error Error: EACCES, mkdir '/usr/local/lib/node_modules'
237 error  { [Error: EACCES, mkdir '/usr/local/lib/node_modules']
237 error   errno: 3,
237 error   code: 'EACCES',
237 error   path: '/usr/local/lib/node_modules',
237 error   fstream_type: 'Directory',
237 error   fstream_path: '/usr/local/lib/node_modules/lunr',
237 error   fstream_class: 'DirWriter',
237 error   fstream_stack:
237 error    [ '/usr/lib/nodejs/fstream/lib/writer.js:171:23',
237 error      '/usr/lib/nodejs/mkdirp/index.js:37:53',
237 error      'Object.oncomplete (fs.js:107:15)' ] }
238 error Please try running this command again as root/Administrator.
239 error System Linux 3.13.0-74-generic
240 error command "/usr/bin/nodejs" "/usr/bin/npm" "install" "-g" "lunr"
241 error cwd /home/ubuntu/nodejs/jarvis
242 error node -v v0.10.25
243 error npm -v 1.3.10
244 error path /usr/local/lib/node_modules
245 error fstream_path /usr/local/lib/node_modules/lunr
246 error fstream_type Directory
247 error fstream_class DirWriter
248 error code EACCES
249 error errno 3
250 error stack Error: EACCES, mkdir '/usr/local/lib/node_modules'
251 error fstream_stack /usr/lib/nodejs/fstream/lib/writer.js:171:23
251 error fstream_stack /usr/lib/nodejs/mkdirp/index.js:37:53
251 error fstream_stack Object.oncomplete (fs.js:107:15)
252 verbose exit [ 3, true ]
